<?xml version="1.0" encoding="UTF-8"?>
<!-- Generated by org.testng.reporters.JUnitReportReporter -->
<testsuite hostname="DESKTOP-NPK11H1" failures="0" tests="1" name="RestAPI.PostData" time="1.756" errors="0" timestamp="2023-07-02T14:14:11 EEST" skipped="0">
  <testcase classname="RestAPI.PostData" name="testResponsePost" time="1.756"/>
  <system-out/>
</testsuite> <!-- RestAPI.PostData -->
