<?xml version="1.0" encoding="UTF-8"?>
<!-- Generated by org.testng.reporters.JUnitReportReporter -->
<testsuite hostname="DESKTOP-NPK11H1" failures="0" tests="2" name="GetRequest.GetData" time="7.779" errors="0" timestamp="2023-06-26T16:51:37 EEST" skipped="0">
  <testcase classname="GetRequest.GetData" name="TestResponsCode" time="3.591"/>
  <system-out/>
  <testcase classname="GetRequest.GetData" name="TestBody" time="4.188"/>
  <system-out/>
</testsuite> <!-- GetRequest.GetData -->
