<?xml version="1.0" encoding="UTF-8"?>
<!-- Generated by org.testng.reporters.JUnitReportReporter -->
<testsuite hostname="DESKTOP-NPK11H1" failures="0" tests="2" name="RestAPI.TestCookies" time="4.005" errors="0" timestamp="2023-07-02T14:18:35 EEST" skipped="0">
  <testcase classname="RestAPI.TestCookies" name="testDetailedCookies" time="1.260"/>
  <system-out/>
  <testcase classname="RestAPI.TestCookies" name="testCookiesHeader" time="2.745"/>
  <system-out/>
</testsuite> <!-- RestAPI.TestCookies -->
