<?xml version="1.0" encoding="UTF-8"?>
<!-- Generated by org.testng.reporters.JUnitReportReporter -->
<testsuite hostname="DESKTOP-NPK11H1" failures="0" tests="1" name="RestAPI.CreateNewSession" time="0.762" errors="0" timestamp="2023-07-01T19:15:24 EEST" skipped="0">
  <testcase classname="RestAPI.CreateNewSession" name="testAuthenticatedEndpoint" time="0.762"/>
  <system-out/>
</testsuite> <!-- RestAPI.CreateNewSession -->
