<?xml version="1.0" encoding="UTF-8"?>
<!-- Generated by org.testng.reporters.JUnitReportReporter -->
<testsuite hostname="DESKTOP-NPK11H1" failures="0" tests="1" name="RestAPI.OAuth2" time="2.432" errors="0" timestamp="2023-07-02T13:57:22 EEST" skipped="0">
  <testcase classname="RestAPI.OAuth2" name="testOAuth2Request" time="2.432"/>
  <system-out/>
</testsuite> <!-- RestAPI.OAuth2 -->
