<?xml version="1.0" encoding="UTF-8"?>
<!-- Generated by org.testng.reporters.JUnitReportReporter -->
<testsuite hostname="DESKTOP-NPK11H1" failures="0" tests="1" name="RestAPI.CreateNewSessionJira" time="0.842" errors="0" timestamp="2023-07-01T19:13:24 EEST" skipped="0">
  <testcase classname="RestAPI.CreateNewSessionJira" name="testAuthenticatedEndpoint" time="0.842"/>
  <system-out/>
</testsuite> <!-- RestAPI.CreateNewSessionJira -->
