<?xml version="1.0" encoding="UTF-8"?>
<!-- Generated by org.testng.reporters.JUnitReportReporter -->
<testsuite hostname="DESKTOP-NPK11H1" failures="0" tests="1" name="RestAPI.PutData" time="1.714" errors="0" timestamp="2023-07-02T14:15:27 EEST" skipped="0">
  <testcase classname="RestAPI.PutData" name="testResponsePut" time="1.714"/>
  <system-out/>
</testsuite> <!-- RestAPI.PutData -->
