<?xml version="1.0" encoding="UTF-8"?>
<!-- Generated by org.testng.reporters.JUnitReportReporter -->
<testsuite hostname="DESKTOP-NPK11H1" failures="0" tests="1" name="RestAPI.Authentication" time="1.509" errors="0" timestamp="2023-07-10T13:43:30 EEST" skipped="0">
  <testcase classname="RestAPI.Authentication" name="Test1" time="1.509"/>
  <system-out/>
</testsuite> <!-- RestAPI.Authentication -->
