<?xml version="1.0" encoding="UTF-8"?>
<!-- Generated by org.testng.reporters.JUnitReportReporter -->
<testsuite hostname="DESKTOP-NPK11H1" failures="0" tests="2" name="RestAPI.GetData" time="4.311" errors="0" timestamp="2023-07-02T14:06:35 EEST" skipped="0">
  <testcase classname="RestAPI.GetData" name="testGetResponseBody" time="3.243"/>
  <system-out/>
  <testcase classname="RestAPI.GetData" name="testGetResponseCode" time="1.068"/>
  <system-out/>
</testsuite> <!-- RestAPI.GetData -->
