<?xml version="1.0" encoding="UTF-8"?>
<!-- Generated by org.testng.reporters.JUnitReportReporter -->
<testsuite hostname="DESKTOP-NPK11H1" failures="0" tests="2" name="RestAPI.OAuth2Demo" time="3.253" errors="0" timestamp="2023-06-27T12:41:45 EEST" skipped="0">
  <testcase classname="RestAPI.OAuth2Demo" name="AccessValidAPI" time="0.806"/>
  <system-out/>
  <testcase classname="RestAPI.OAuth2Demo" name="AccessInValidAPI" time="2.447"/>
  <system-out/>
</testsuite> <!-- RestAPI.OAuth2Demo -->
