<?xml version="1.0" encoding="UTF-8"?>
<!-- Generated by org.testng.reporters.JUnitReportReporter -->
<testsuite hostname="DESKTOP-NPK11H1" failures="0" tests="1" name="RestAPI.DeleteData" time="1.510" errors="0" timestamp="2023-07-02T13:51:53 EEST" skipped="0">
  <testcase classname="RestAPI.DeleteData" name="testDeleteRequest" time="1.510"/>
  <system-out/>
</testsuite> <!-- RestAPI.DeleteData -->
