<?xml version="1.0" encoding="UTF-8"?>
<!-- Generated by org.testng.reporters.JUnitReportReporter -->
<testsuite hostname="DESKTOP-NPK11H1" failures="0" tests="2" name="RestAPI.GenerateAccessTokenAPI" time="3.835" errors="0" timestamp="2023-07-02T14:02:57 EEST" skipped="0">
  <testcase classname="RestAPI.GenerateAccessTokenAPI" name="testAccessInvalidAPI" time="2.998"/>
  <system-out/>
  <testcase classname="RestAPI.GenerateAccessTokenAPI" name="testAccessValidAPI" time="0.837"/>
  <system-out/>
</testsuite> <!-- RestAPI.GenerateAccessTokenAPI -->
